<?xml version="1.0" encoding="UTF-8"?>
<!-- Generated by org.testng.reporters.JUnitReportReporter -->
<testsuite hostname="JIM-TI9325" name="testScripts.Search_Scenario" tests="2" failures="0" timestamp="16 Jul 2016 08:01:48 GMT" time="33.533" errors="0">
  <testcase name="Invalid_Search" time="15.186" classname="testScripts.Search_Scenario"/>
  <testcase name="Valid_Search" time="18.347" classname="testScripts.Search_Scenario"/>
</testsuite> <!-- testScripts.Search_Scenario -->
