<?xml version="1.0" encoding="UTF-8"?>
<!-- Generated by org.testng.reporters.JUnitReportReporter -->
<testsuite hostname="JIM-TI9325" name="testScripts.Senario_login" tests="2" failures="0" timestamp="16 Jul 2016 08:01:48 GMT" time="52.772" errors="0">
  <testcase name="Invalid_login" time="25.721" classname="testScripts.Senario_login"/>
  <testcase name="Valid_Login_test" time="27.051" classname="testScripts.Senario_login"/>
</testsuite> <!-- testScripts.Senario_login -->
