<?xml version="1.0" encoding="UTF-8"?>
<!-- Generated by org.testng.reporters.JUnitReportReporter -->
<testsuite hostname="JIM-TI9325" name="testScripts.Senario_login" tests="1" failures="0" timestamp="24 Jul 2016 06:11:48 GMT" time="15.084" errors="0">
  <testcase name="Valid_Login_test" time="15.084" classname="testScripts.Senario_login"/>
</testsuite> <!-- testScripts.Senario_login -->
