<?xml version="1.0" encoding="UTF-8"?>
<!-- Generated by org.testng.reporters.JUnitReportReporter -->
<testsuite hostname="JIM-TI9325" name="testScripts.Search_Scenario" tests="3" failures="0" timestamp="24 Jul 2016 06:11:48 GMT" time="30.893" errors="0">
  <testcase name="Valid_Search" time="11.513" classname="testScripts.Search_Scenario"/>
  <testcase name="Valid_Search" time="9.106" classname="testScripts.Search_Scenario"/>
  <testcase name="Valid_Search" time="10.274" classname="testScripts.Search_Scenario"/>
</testsuite> <!-- testScripts.Search_Scenario -->
